<?xml version="1.0" encoding="UTF-8"?>
<!-- Generated by org.testng.reporters.JUnitReportReporter -->
<testsuite name="TestNG.TestCase3" tests="4" time="0.016" ignored="0" failures="0" timestamp="12 Jul 2021 04:49:28 GMT" skipped="1" hostname="NODLTP52133356" errors="0">
  <testcase name="doUsrReg" time="0.011" classname="TestNG.TestCase3"/>
  <testcase name="doOrder" time="0.001" classname="TestNG.TestCase3"/>
  <testcase name="doLogin" time="0.002" classname="TestNG.TestCase3"/>
  <testcase name="isSkip" time="0.002" classname="TestNG.TestCase3">
    <skipped/>
  </testcase> <!-- isSkip -->
</testsuite> <!-- TestNG.TestCase3 -->
