<?xml version="1.0" encoding="UTF-8"?>
<!-- Generated by org.testng.reporters.JUnitReportReporter -->
<testsuite name="TestNG.TestParallel" tests="2" time="4.042" ignored="0" failures="0" timestamp="10 Jul 2021 08:36:17 GMT" skipped="0" hostname="NODLTP52133356" errors="0">
  <testcase name="dologin" time="2.021" classname="TestNG.TestParallel"/>
  <testcase name="dologin" time="2.021" classname="TestNG.TestParallel"/>
</testsuite> <!-- TestNG.TestParallel -->
