<?xml version="1.0" encoding="UTF-8"?>
<!-- Generated by org.testng.reporters.JUnitReportReporter -->
<testsuite name="TestNG.TestCase1" tests="2" time="0.000" ignored="0" failures="0" timestamp="30 May 2021 17:07:14 GMT" skipped="0" hostname="NODLTP52133356" errors="0">
  <testcase name="doUsrReg" time="0.000" classname="TestNG.TestCase1"/>
  <testcase name="doLogin" time="0.000" classname="TestNG.TestCase1"/>
</testsuite> <!-- TestNG.TestCase1 -->
